<?xml version="1.0" encoding="UTF-8"?>
<testng-results ignored="0" total="1" passed="1" failed="0" skipped="0">
  <reporter-output>
  </reporter-output>
  <suite started-at="2026-02-19T23:14:37 IST" name="Suite" finished-at="2026-02-19T23:14:37 IST" duration-ms="43">
    <groups>
    </groups>
    <test started-at="2026-02-19T23:14:37 IST" name="Test1Execution" finished-at="2026-02-19T23:14:37 IST" duration-ms="43">
      <class name="TestingJenkins.Test1">
        <test-method signature="run()[pri:0, instance:TestingJenkins.Test1@245b4bdc]" started-at="2026-02-19T23:14:37 IST" name="run" finished-at="2026-02-19T23:14:37 IST" duration-ms="10" status="PASS">
          <reporter-output>
          </reporter-output>
        </test-method> <!-- run -->
      </class> <!-- TestingJenkins.Test1 -->
    </test> <!-- Test1Execution -->
  </suite> <!-- Suite -->
</testng-results>
